  commander.cpp
C:\Users\Administrator\GitHub\GV_Core_with_OpenGL\GV_Core_with_OpenGL\window.hpp(14,10): fatal  error C1083: Cannot open include file: 'imgui.h': No such file or directory
  glexception.cpp
  main.cpp
C:\Users\Administrator\GitHub\GV_Core_with_OpenGL\GV_Core_with_OpenGL\window.hpp(14,10): fatal  error C1083: Cannot open include file: 'imgui.h': No such file or directory
  primitive.cpp
C:\Users\Administrator\GitHub\GV_Core_with_OpenGL\GV_Core_with_OpenGL\primitive.hpp(48,20): error C7525: inline variables require at least '/std:c++17'
C:\Users\Administrator\GitHub\GV_Core_with_OpenGL\GV_Core_with_OpenGL\primitive.hpp(53,19): error C7525: inline variables require at least '/std:c++17'
C:\Users\Administrator\GitHub\GV_Core_with_OpenGL\GV_Core_with_OpenGL\primitive.hpp(57,20): error C7525: inline variables require at least '/std:c++17'
  rendering.cpp
  window.cpp
C:\Users\Administrator\GitHub\GV_Core_with_OpenGL\GV_Core_with_OpenGL\window.hpp(14,10): fatal  error C1083: Cannot open include file: 'imgui.h': No such file or directory
  imgui.cpp
  imgui_demo.cpp
  imgui_draw.cpp
  imgui_impl_glfw.cpp
C:\Users\Administrator\GitHub\GV_Core_with_OpenGL\GV_Core_with_OpenGL.vsxproj\packages\nupengl.core.0.1.0.1\build\native\include\GLFW\glfw3native.h(96,1): fatal  error C1189: #error:  "No context API specified"
  imgui_impl_opengl3.cpp
  imgui_tables.cpp
  imgui_widgets.cpp
  Generating Code...
