c:\users\administrator\github\gv_core_with_opengl\gv_core_with_opengl.vsxproj\openglcore\debug\vc143.pdb
c:\users\administrator\github\gv_core_with_opengl\gv_core_with_opengl.vsxproj\openglcore\debug\vc143.idb
c:\users\administrator\github\gv_core_with_opengl\gv_core_with_opengl.vsxproj\openglcore\debug\imgui_widgets.obj
c:\users\administrator\github\gv_core_with_opengl\gv_core_with_opengl.vsxproj\openglcore\debug\imgui_tables.obj
c:\users\administrator\github\gv_core_with_opengl\gv_core_with_opengl.vsxproj\openglcore\debug\imgui_impl_opengl3.obj
c:\users\administrator\github\gv_core_with_opengl\gv_core_with_opengl.vsxproj\openglcore\debug\imgui_draw.obj
c:\users\administrator\github\gv_core_with_opengl\gv_core_with_opengl.vsxproj\openglcore\debug\imgui_demo.obj
c:\users\administrator\github\gv_core_with_opengl\gv_core_with_opengl.vsxproj\openglcore\debug\imgui.obj
c:\users\administrator\github\gv_core_with_opengl\gv_core_with_opengl.vsxproj\openglcore\debug\rendering.obj
c:\users\administrator\github\gv_core_with_opengl\gv_core_with_opengl.vsxproj\openglcore\debug\glexception.obj
c:\users\administrator\github\opengl\openglcore\debug\openglcore.exe
c:\users\administrator\github\opengl\openglcore\openglcore\debug\openglcore.ilk
c:\users\administrator\github\opengl\openglcore\debug\openglcore.pdb
c:\users\administrator\github\gv_core_with_opengl\gv_core_with_opengl.vsxproj\debug\openglcore.exe
c:\users\administrator\github\gv_core_with_opengl\gv_core_with_opengl.vsxproj\openglcore\debug\openglcore.ilk
c:\users\administrator\github\gv_core_with_opengl\gv_core_with_opengl.vsxproj\debug\openglcore.pdb
c:\users\administrator\github\gv_core_with_opengl\gv_core_with_opengl.vsxproj\openglcore\debug\commander_collection.obj
c:\users\administrator\github\gv_core_with_opengl\gv_core_with_opengl.vsxproj\openglcore\debug\drawlines.obj
c:\users\administrator\github\gv_core_with_opengl\gv_core_with_opengl.vsxproj\openglcore\debug\main.obj
c:\users\administrator\github\gv_core_with_opengl\gv_core_with_opengl.vsxproj\openglcore\debug\openglcore.tlog\cl.command.1.tlog
c:\users\administrator\github\gv_core_with_opengl\gv_core_with_opengl.vsxproj\openglcore\debug\openglcore.tlog\cl.read.1.tlog
c:\users\administrator\github\gv_core_with_opengl\gv_core_with_opengl.vsxproj\openglcore\debug\openglcore.tlog\cl.write.1.tlog
c:\users\administrator\github\gv_core_with_opengl\gv_core_with_opengl.vsxproj\openglcore\debug\openglcore.tlog\link.command.1.tlog
c:\users\administrator\github\gv_core_with_opengl\gv_core_with_opengl.vsxproj\openglcore\debug\openglcore.tlog\link.read.1.tlog
c:\users\administrator\github\gv_core_with_opengl\gv_core_with_opengl.vsxproj\openglcore\debug\openglcore.tlog\link.write.1.tlog
