c:\users\administrator\github\opengl\openglcore\openglcore\x64\debug\vc143.pdb
c:\users\administrator\github\opengl\openglcore\openglcore\x64\debug\vc143.idb
c:\users\administrator\github\opengl\openglcore\openglcore\x64\debug\openglcore.obj
c:\users\administrator\github\opengl\openglcore\openglcore\x64\debug\drawlines.obj
c:\users\administrator\github\gv_core_with_opengl\gv_core_with_opengl.vsxproj\openglcore\x64\debug\vc143.pdb
c:\users\administrator\github\gv_core_with_opengl\gv_core_with_opengl.vsxproj\openglcore\x64\debug\vc143.idb
c:\users\administrator\github\gv_core_with_opengl\gv_core_with_opengl.vsxproj\openglcore\x64\debug\drawlines.obj
c:\users\administrator\github\gv_core_with_opengl\gv_core_with_opengl.vsxproj\openglcore\x64\debug\main.obj
c:\users\administrator\github\gv_core_with_opengl\gv_core_with_opengl.vsxproj\openglcore\x64\debug\commander_collection.obj
c:\users\administrator\github\gv_core_with_opengl\gv_core_with_opengl.vsxproj\openglcore\x64\debug\openglcore.obj
c:\users\administrator\github\gv_core_with_opengl\gv_core_with_opengl.vsxproj\x64\debug\openglcore.pdb
c:\users\administrator\github\gv_core_with_opengl\gv_core_with_opengl.vsxproj\openglcore\x64\debug\openglcore.tlog\cl.command.1.tlog
c:\users\administrator\github\gv_core_with_opengl\gv_core_with_opengl.vsxproj\openglcore\x64\debug\openglcore.tlog\cl.read.1.tlog
c:\users\administrator\github\gv_core_with_opengl\gv_core_with_opengl.vsxproj\openglcore\x64\debug\openglcore.tlog\cl.write.1.tlog
c:\users\administrator\github\gv_core_with_opengl\gv_core_with_opengl.vsxproj\openglcore\x64\debug\openglcore.tlog\link-cvtres.read.1.tlog
c:\users\administrator\github\gv_core_with_opengl\gv_core_with_opengl.vsxproj\openglcore\x64\debug\openglcore.tlog\link-cvtres.write.1.tlog
c:\users\administrator\github\gv_core_with_opengl\gv_core_with_opengl.vsxproj\openglcore\x64\debug\openglcore.tlog\link-rc.read.1.tlog
c:\users\administrator\github\gv_core_with_opengl\gv_core_with_opengl.vsxproj\openglcore\x64\debug\openglcore.tlog\link-rc.write.1.tlog
c:\users\administrator\github\gv_core_with_opengl\gv_core_with_opengl.vsxproj\openglcore\x64\debug\openglcore.tlog\link.command.1.tlog
c:\users\administrator\github\gv_core_with_opengl\gv_core_with_opengl.vsxproj\openglcore\x64\debug\openglcore.tlog\link.read.1.tlog
c:\users\administrator\github\gv_core_with_opengl\gv_core_with_opengl.vsxproj\openglcore\x64\debug\openglcore.tlog\link.read.2.tlog
c:\users\administrator\github\gv_core_with_opengl\gv_core_with_opengl.vsxproj\openglcore\x64\debug\openglcore.tlog\link.read.3.tlog
c:\users\administrator\github\gv_core_with_opengl\gv_core_with_opengl.vsxproj\openglcore\x64\debug\openglcore.tlog\link.write.1.tlog
